<?xml version="1.0" encoding="UTF-8"?>
<!-- Generated by org.testng.reporters.JUnitReportReporter -->
<testsuite hostname="DESKTOP-EP453AB" failures="0" tests="1" name="tests.DeleteAccountTest" time="5.224" errors="0" timestamp="2025-06-01T01:36:40 EEST" skipped="0">
  <testcase classname="tests.DeleteAccountTest" name="deleteAccountTest" time="5.224"/>
</testsuite> <!-- tests.DeleteAccountTest -->
