<?xml version="1.0" encoding="UTF-8"?>
<!-- Generated by org.testng.reporters.JUnitReportReporter -->
<testsuite hostname="DESKTOP-EP453AB" failures="0" tests="1" name="tests.CreateAccountTest" time="3.968" errors="0" timestamp="2025-06-01T01:36:25 EEST" skipped="0">
  <testcase classname="tests.CreateAccountTest" name="testCreateAccountWithValidData" time="3.968"/>
</testsuite> <!-- tests.CreateAccountTest -->
