<?xml version="1.0" encoding="UTF-8"?>
<!-- Generated by org.testng.reporters.JUnitReportReporter -->
<testsuite hostname="DESKTOP-EP453AB" failures="0" tests="3" name="tests.InvalidLoginTest" time="15.953" errors="0" timestamp="2025-06-02T19:55:22 EEST" skipped="0">
  <testcase classname="tests.InvalidLoginTest" name="testInvalidLogin" time="6.046"/>
  <testcase classname="tests.InvalidLoginTest" name="testInvalidLogin" time="7.333"/>
  <testcase classname="tests.InvalidLoginTest" name="testInvalidLogin" time="2.574"/>
</testsuite> <!-- tests.InvalidLoginTest -->
